[2025-08-05 19:45:19.304] [INFO] [VOUCHER-3] ⏰ Target waktu voucher 3: 2025-08-05 19:46:00.000 WIB
[2025-08-05 19:45:19.304] [INFO] [VOUCHER-3] ⏰ Delay: 40.697 detik
[2025-08-05 19:46:00.003] [INFO] [VOUCHER-3] 🚀 Menjalankan request voucher 3 pada: 2025-08-05 19:46:00.003 WIB
[2025-08-05 19:46:00.172] [INFO] [VOUCHER-3] 📊 Status Code: 200
[2025-08-05 19:46:00.173] [INFO] [VOUCHER-3] 📊 Response: {"data":null,"error":19,"error_msg":"Failed to authenticate"}
[2025-08-05 19:46:00.177] [INFO] [VOUCHER-3] ✅ Request voucher berhasil!
[2025-08-05 19:51:28.334] [INFO] [VOUCHER-3] 🧪 Menjalankan test request voucher 3...
[2025-08-05 19:51:28.739] [INFO] [VOUCHER-3] 🚀 Menjalankan request voucher 3 pada: 2025-08-05 19:51:28.739 WIB
[2025-08-05 19:51:28.892] [INFO] [VOUCHER-3] 📊 Status Code: 200
[2025-08-05 19:51:28.892] [INFO] [VOUCHER-3] 📊 Response: {"bff_meta":null,"error":14,"error_msg":"Maaf, voucher ini belum dapat digunakan. Silakan coba lagi nanti.","data":{"voucher":null,"invalid_message_code":8,"user_voucher_invalid_status":null,"error_config":null}}
[2025-08-05 19:51:28.893] [INFO] [VOUCHER-3] ✅ Request voucher berhasil!
[2025-08-05 19:55:31.255] [INFO] [VOUCHER-3] ⏰ Target waktu voucher 3: 2025-08-05 20:00:00.000 WIB
[2025-08-05 19:55:31.255] [INFO] [VOUCHER-3] ⏰ Delay: 268.746 detik
[2025-08-05 20:00:00.009] [INFO] [VOUCHER-3] 🚀 Menjalankan request voucher 3 pada: 2025-08-05 20:00:00.009 WIB
[2025-08-05 20:00:00.217] [INFO] [VOUCHER-3] 📊 Status Code: 200
[2025-08-05 20:00:00.218] [INFO] [VOUCHER-3] 📊 Response: {"bff_meta":null,"error":0,"error_msg":"","data":{"voucher":{"promotionid":1216319836012544,"voucher_code":"LIVE-725238480122151424","signature":"5a8d1c0cf24c094f1c4bc7a58f24c9c9f1f8d6e35e2eacf19c6b7c2b6b9189dc","use_type":0,"platform_type":0,"voucher_market_type":1,"min_spend":2000000000,"used_price":null,"current_spend":null,"product_limit":true,"quota_type":1,"percentage_claimed":0,"percentage_used":10,"start_time":1754398800,"end_time":1754413140,"collect_time":1754398800,"claim_start_time":1754398800,"valid_days":0,"reward_type":0,"reward_percentage":100,"reward_value":0,"reward_cap":2000000000,"coin_earned":null,"title":null,"use_link":"https://live.shopee.co.id/middle-page?type=full_screen\u0026tab_id=2880754901108224#microsite","icon_hash":"52985fc25eace14180036cdb72dfe3ad","icon_text":"KOLEKSI PILIHAN","icon_url":null,"customised_labels":[{"content":"Live XTRA","color":null}],"customised_product_scope_tags":[""],"shop_id":0,"shop_name":null,"is_shop_preferred":false,"is_shop_official":false,"shop_count":null,"ui_display_type":null,"customised_mall_name":null,"small_icon_list":null,"dp_category_name":null,"invalid_message_code":null,"invalid_message":null,"display_labels":[],"wallet_redeemable":true,"customer_reference_id":"MP-B692308C108202280000001011005440","fully_redeemed":null,"has_expired":null,"disabled":null,"voucher_external_market_type":null,"now_food_extra_info":null,"airpay_opv_extra_info":null,"partner_extra_info":null,"discount_value":0,"discount_percentage":100,"discount_cap":2000000000,"coin_percentage":null,"coin_cap":null,"usage_limit":null,"used_count":null,"left_count":null,"shopee_wallet_only":false,"new_user_only":null,"description":"Versi aplikasimu tidak mendukung untuk mengakses halaman ini. Mohon update ke versi terbaru untuk mengakses halaman ini.","shop_logo":null,"error_code":null,"is_claimed_before":true,"customised_product_scope_tag_image_hash":"id-11134004-7r98x-lrquqhvi0dl944","distributed_labels":[],"has_pre_excluded_products":null,"fully_claimed":false,"fully_used":false,"claim_end_time":1754413140,"sku_opv_extra_info":null,"reminder_pn_setting":0,"valid_duration":{"value_in_secs":0,"type":0},"display_template":null,"voucher_wallet_id":null,"voucher_landing_page":null,"shop_order_count":null,"created_by":null,"is_applicable":null,"reason_code":null,"fsv_error_message":null,"opv_extra_info":null,"exclusive_channel_type":1,"usage_limit_per_user":1,"remaining_usage_limit":1,"action":{"type":2,"data":{"redirect_url":"https://live.shopee.co.id/middle-page?type=full_screen\u0026tab_id=2880754901108224#microsite"}},"activation_popup":0,"distribution_time":1754398800,"coin_value":null,"reward_percentage_with_decimal":10000000,"sub_icon_text":null,"is_customised_icon":null,"fixed_flag":0,"customised_flag":"Pemakaian Terbatas","fsv_voucher_card_ui_info":null,"spm_channel":null,"activation_popup_info":null,"is_activation_popup_voucher":null,"external_error_code":null,"external_error_msg":null,"branding_color":"","stream_rule":null,"error_message":null,"is_recommended":null,"is_shop_shopee_choice":false,"is_shop_preferred_plus":false,"voucher_ui_tag":null,"vlp_redirection_link":null,"is_force_selectable":null,"special_payment_priority_index":null,"voucher_status":null,"non_claimable":null,"usage_terms":null,"payment_rule":null,"groups":null,"is_auto_claimed_just_now":null,"daily_usage_limit":0,"daily_usage_count":0,"original_usage_start_time":null,"applied_reward_percentage_with_decimal":10000000,"applied_reward_value":0,"spp_display_info":null,"customised_product_scope_tag_image_description":"","detail_multi_reward_info":null,"recommended_items":null},"invalid_message_code":0,"user_voucher_invalid_status":null,"error_config":null}}
[2025-08-05 20:00:00.226] [INFO] [VOUCHER-3] ✅ Request voucher berhasil!
[2025-08-08 07:56:29.232] [INFO] [VOUCHER-3] ⏰ Target waktu voucher 3: 2025-08-08 08:00:00.000 WIB
[2025-08-08 07:56:29.233] [INFO] [VOUCHER-3] ⏰ Delay: 210.769 detik
[2025-08-08 08:00:00.001] [INFO] [VOUCHER-3] 🚀 Menjalankan request voucher 3 pada: 2025-08-08 08:00:00.001 WIB
[2025-08-08 08:00:00.171] [INFO] [VOUCHER-3] 📊 Status Code: 200
[2025-08-08 08:00:00.171] [INFO] [VOUCHER-3] 📊 Response: {"bff_meta":null,"error":14,"error_msg":"Maaf, voucher ini telah habis digunakan.","data":{"voucher":null,"invalid_message_code":4,"user_voucher_invalid_status":null,"error_config":null}}
[2025-08-08 08:00:00.172] [INFO] [VOUCHER-3] ✅ Request voucher berhasil!
[2025-08-08 11:52:11.688] [INFO] [VOUCHER-3] 🧪 Menjalankan test request voucher 3...
[2025-08-08 11:52:11.689] [INFO] [VOUCHER-3] 🚀 Menjalankan request voucher 3 pada: 2025-08-08 11:52:11.689 WIB
[2025-08-08 11:52:11.841] [INFO] [VOUCHER-3] 📊 Status Code: 200
[2025-08-08 11:52:11.842] [INFO] [VOUCHER-3] 📊 Response: {"bff_meta":null,"error":14,"error_msg":"Maaf, voucher ini belum dapat digunakan. Silakan coba lagi nanti.","data":{"voucher":null,"invalid_message_code":8,"user_voucher_invalid_status":null,"error_config":null}}
[2025-08-08 11:52:11.842] [INFO] [VOUCHER-3] ✅ Request voucher berhasil!
[2025-08-08 11:57:26.706] [INFO] [VOUCHER-3] ⏰ Target waktu voucher 3: 2025-08-08 12:00:00.000 WIB
[2025-08-08 11:57:26.706] [INFO] [VOUCHER-3] ⏰ Delay: 153.296 detik
[2025-08-08 11:58:01.283] [INFO] [VOUCHER-3] ⏰ Target waktu voucher 3: 2025-08-08 12:00:00.000 WIB
[2025-08-08 11:58:01.283] [INFO] [VOUCHER-3] ⏰ Delay: 118.718 detik
[2025-08-08 11:58:54.219] [INFO] [VOUCHER-3] ⏰ Target waktu voucher 3: 2025-08-08 12:00:00.000 WIB
[2025-08-08 11:58:54.219] [INFO] [VOUCHER-3] ⏰ Delay: 65.782 detik
[2025-08-08 12:00:00.012] [INFO] [VOUCHER-3] 🚀 Menjalankan request voucher 3 pada: 2025-08-08 12:00:00.012 WIB
[2025-08-08 12:00:00.241] [INFO] [VOUCHER-3] 📊 Status Code: 200
[2025-08-08 12:00:00.242] [INFO] [VOUCHER-3] 📊 Response: {"bff_meta":null,"error":0,"error_msg":"","data":{"voucher":{"promotionid":1216319836012544,"voucher_code":"LIVE-726734425854836736","signature":"5a8d1c0cf24c094f1c4bc7a58f24c9c9f1f8d6e35e2eacf19c6b7c2b6b9189dc","use_type":0,"platform_type":0,"voucher_market_type":1,"min_spend":2000000000,"used_price":null,"current_spend":null,"product_limit":true,"quota_type":1,"percentage_claimed":0,"percentage_used":10,"start_time":1754629200,"end_time":1754636400,"collect_time":1754629200,"claim_start_time":1754629200,"valid_days":0,"reward_type":0,"reward_percentage":100,"reward_value":0,"reward_cap":2000000000,"coin_earned":null,"title":null,"use_link":"https://live.shopee.co.id/middle-page?type=full_screen\u0026tab_id=2880754901108224#microsite","icon_hash":"52985fc25eace14180036cdb72dfe3ad","icon_text":"KOLEKSI PILIHAN","icon_url":null,"customised_labels":[{"content":"Live XTRA","color":null}],"customised_product_scope_tags":[""],"shop_id":0,"shop_name":null,"is_shop_preferred":false,"is_shop_official":false,"shop_count":null,"ui_display_type":null,"customised_mall_name":null,"small_icon_list":null,"dp_category_name":null,"invalid_message_code":null,"invalid_message":null,"display_labels":[],"wallet_redeemable":true,"customer_reference_id":"MP-68B738AE308202280000001011040550","fully_redeemed":null,"has_expired":null,"disabled":null,"voucher_external_market_type":null,"now_food_extra_info":null,"airpay_opv_extra_info":null,"partner_extra_info":null,"discount_value":0,"discount_percentage":100,"discount_cap":2000000000,"coin_percentage":null,"coin_cap":null,"usage_limit":null,"used_count":null,"left_count":null,"shopee_wallet_only":false,"new_user_only":null,"description":"Versi aplikasimu tidak mendukung untuk mengakses halaman ini. Mohon update ke versi terbaru untuk mengakses halaman ini.","shop_logo":null,"error_code":null,"is_claimed_before":true,"customised_product_scope_tag_image_hash":"id-11134004-7r98x-lrquqhvi0dl944","distributed_labels":[],"has_pre_excluded_products":null,"fully_claimed":false,"fully_used":false,"claim_end_time":1754636400,"sku_opv_extra_info":null,"reminder_pn_setting":0,"valid_duration":{"value_in_secs":0,"type":0},"display_template":null,"voucher_wallet_id":null,"voucher_landing_page":null,"shop_order_count":null,"created_by":null,"is_applicable":null,"reason_code":null,"fsv_error_message":null,"opv_extra_info":null,"exclusive_channel_type":1,"usage_limit_per_user":1,"remaining_usage_limit":1,"action":{"type":2,"data":{"redirect_url":"https://live.shopee.co.id/middle-page?type=full_screen\u0026tab_id=2880754901108224#microsite"}},"activation_popup":0,"distribution_time":1754629200,"coin_value":null,"reward_percentage_with_decimal":10000000,"sub_icon_text":null,"is_customised_icon":null,"fixed_flag":0,"customised_flag":"Pemakaian Terbatas","fsv_voucher_card_ui_info":null,"spm_channel":null,"activation_popup_info":null,"is_activation_popup_voucher":null,"external_error_code":null,"external_error_msg":null,"branding_color":"","stream_rule":null,"error_message":null,"is_recommended":null,"is_shop_shopee_choice":false,"is_shop_preferred_plus":false,"voucher_ui_tag":null,"vlp_redirection_link":null,"is_force_selectable":null,"special_payment_priority_index":null,"voucher_status":null,"non_claimable":null,"usage_terms":null,"payment_rule":null,"groups":null,"is_auto_claimed_just_now":null,"daily_usage_limit":0,"daily_usage_count":0,"original_usage_start_time":null,"applied_reward_percentage_with_decimal":10000000,"applied_reward_value":0,"spp_display_info":null,"customised_product_scope_tag_image_description":"","detail_multi_reward_info":null,"recommended_items":null},"invalid_message_code":0,"user_voucher_invalid_status":null,"error_config":null}}
[2025-08-08 12:00:00.245] [INFO] [VOUCHER-3] ✅ Request voucher berhasil!
[2025-08-08 14:53:13.240] [INFO] [VOUCHER-3] ⏰ Target waktu voucher 3: 2025-08-09 14:00:00.000 WIB
[2025-08-08 14:53:13.240] [INFO] [VOUCHER-3] ⏰ Delay: 83206.761 detik
[2025-08-08 14:53:42.297] [INFO] [VOUCHER-3] ⏰ Target waktu voucher 3: 2025-08-09 14:00:00.000 WIB
[2025-08-08 14:53:42.297] [INFO] [VOUCHER-3] ⏰ Delay: 83177.704 detik
[2025-08-08 14:54:18.281] [INFO] [VOUCHER-3] ⏰ Target waktu voucher 3: 2025-08-08 14:55:00.000 WIB
[2025-08-08 14:54:18.281] [INFO] [VOUCHER-3] ⏰ Delay: 41.720 detik
[2025-08-08 14:55:00.017] [INFO] [VOUCHER-3] 🚀 Menjalankan request voucher 3 pada: 2025-08-08 14:55:00.017 WIB
[2025-08-08 14:55:00.150] [INFO] [VOUCHER-3] 📊 Status Code: 200
[2025-08-08 14:55:00.151] [INFO] [VOUCHER-3] 📊 Response: {"bff_meta":null,"error":4,"error_msg":"Maaf, voucher ini sudah tidak tersedia!","data":{"voucher":null,"invalid_message_code":2,"user_voucher_invalid_status":null,"error_config":null}}
[2025-08-08 14:55:00.153] [INFO] [VOUCHER-3] ✅ Request voucher berhasil!
[2025-08-08 14:56:10.340] [INFO] [VOUCHER-3] ⏰ Target waktu voucher 3: 2025-08-08 15:00:00.000 WIB
[2025-08-08 14:56:10.340] [INFO] [VOUCHER-3] ⏰ Delay: 229.661 detik
[2025-08-08 15:00:00.002] [INFO] [VOUCHER-3] 🚀 Menjalankan request voucher 3 pada: 2025-08-08 15:00:00.002 WIB
[2025-08-08 15:00:00.204] [INFO] [VOUCHER-3] 📊 Status Code: 200
[2025-08-08 15:00:00.205] [INFO] [VOUCHER-3] 📊 Response: {"bff_meta":null,"error":0,"error_msg":"","data":{"voucher":{"promotionid":1216319836012544,"voucher_code":"LIVE-726734434461548544","signature":"8efb53da849f944444a4fbd158de0668af7609c91d29167e69dd202b805cd09f","use_type":0,"platform_type":0,"voucher_market_type":1,"min_spend":2000000000,"used_price":null,"current_spend":null,"product_limit":true,"quota_type":1,"percentage_claimed":0,"percentage_used":10,"start_time":1754640000,"end_time":1754647200,"collect_time":1754640000,"claim_start_time":1754640000,"valid_days":0,"reward_type":0,"reward_percentage":100,"reward_value":0,"reward_cap":2000000000,"coin_earned":null,"title":null,"use_link":"https://live.shopee.co.id/middle-page?type=full_screen\u0026tab_id=2880754901108224#microsite","icon_hash":"52985fc25eace14180036cdb72dfe3ad","icon_text":"KOLEKSI PILIHAN","icon_url":null,"customised_labels":[{"content":"Live XTRA","color":null}],"customised_product_scope_tags":[""],"shop_id":0,"shop_name":null,"is_shop_preferred":false,"is_shop_official":false,"shop_count":null,"ui_display_type":null,"customised_mall_name":null,"small_icon_list":null,"dp_category_name":null,"invalid_message_code":null,"invalid_message":null,"display_labels":[],"wallet_redeemable":true,"customer_reference_id":"MP-68B778AE308202280000001011040550","fully_redeemed":null,"has_expired":null,"disabled":null,"voucher_external_market_type":null,"now_food_extra_info":null,"airpay_opv_extra_info":null,"partner_extra_info":null,"discount_value":0,"discount_percentage":100,"discount_cap":2000000000,"coin_percentage":null,"coin_cap":null,"usage_limit":null,"used_count":null,"left_count":null,"shopee_wallet_only":false,"new_user_only":null,"description":"Versi aplikasimu tidak mendukung untuk mengakses halaman ini. Mohon update ke versi terbaru untuk mengakses halaman ini.","shop_logo":null,"error_code":null,"is_claimed_before":true,"customised_product_scope_tag_image_hash":"id-11134004-7r98x-lrquqhvi0dl944","distributed_labels":[],"has_pre_excluded_products":null,"fully_claimed":false,"fully_used":false,"claim_end_time":1754647200,"sku_opv_extra_info":null,"reminder_pn_setting":0,"valid_duration":{"value_in_secs":0,"type":0},"display_template":null,"voucher_wallet_id":null,"voucher_landing_page":null,"shop_order_count":null,"created_by":null,"is_applicable":null,"reason_code":null,"fsv_error_message":null,"opv_extra_info":null,"exclusive_channel_type":1,"usage_limit_per_user":1,"remaining_usage_limit":1,"action":{"type":2,"data":{"redirect_url":"https://live.shopee.co.id/middle-page?type=full_screen\u0026tab_id=2880754901108224#microsite"}},"activation_popup":0,"distribution_time":1754640000,"coin_value":null,"reward_percentage_with_decimal":10000000,"sub_icon_text":null,"is_customised_icon":null,"fixed_flag":0,"customised_flag":"Pemakaian Terbatas","fsv_voucher_card_ui_info":null,"spm_channel":null,"activation_popup_info":null,"is_activation_popup_voucher":null,"external_error_code":null,"external_error_msg":null,"branding_color":"","stream_rule":null,"error_message":null,"is_recommended":null,"is_shop_shopee_choice":false,"is_shop_preferred_plus":false,"voucher_ui_tag":null,"vlp_redirection_link":null,"is_force_selectable":null,"special_payment_priority_index":null,"voucher_status":null,"non_claimable":null,"usage_terms":null,"payment_rule":null,"groups":null,"is_auto_claimed_just_now":null,"daily_usage_limit":0,"daily_usage_count":0,"original_usage_start_time":null,"applied_reward_percentage_with_decimal":10000000,"applied_reward_value":0,"spp_display_info":null,"customised_product_scope_tag_image_description":"","detail_multi_reward_info":null,"recommended_items":null},"invalid_message_code":0,"user_voucher_invalid_status":null,"error_config":null}}
[2025-08-08 15:00:00.207] [INFO] [VOUCHER-3] ✅ Request voucher berhasil!
[2025-08-08 18:28:35.820] [INFO] [VOUCHER-3] 🧪 Menjalankan test request voucher 3...
[2025-08-08 18:28:35.821] [INFO] [VOUCHER-3] 🚀 Menjalankan request voucher 3 pada: 2025-08-08 18:28:35.821 WIB
[2025-08-08 18:28:35.983] [INFO] [VOUCHER-3] 📊 Status Code: 200
[2025-08-08 18:28:35.984] [INFO] [VOUCHER-3] 📊 Response: {"bff_meta":null,"error":14,"error_msg":"Maaf, voucher ini belum dapat digunakan. Silakan coba lagi nanti.","data":{"voucher":null,"invalid_message_code":8,"user_voucher_invalid_status":null,"error_config":null}}
[2025-08-08 18:28:35.984] [INFO] [VOUCHER-3] ✅ Request voucher berhasil!
[2025-08-08 19:27:06.674] [INFO] [VOUCHER-3] ⏰ Target waktu voucher 3: 2025-08-08 19:28:00.000 WIB
[2025-08-08 19:27:06.678] [INFO] [VOUCHER-3] ⏰ Delay: 53.328 detik
[2025-08-08 19:28:00.006] [INFO] [VOUCHER-3] 🚀 Menjalankan request voucher 3 pada: 2025-08-08 19:28:00.006 WIB
[2025-08-08 19:28:00.508] [INFO] [VOUCHER-3] 📊 Status Code: 200
[2025-08-08 19:28:00.508] [INFO] [VOUCHER-3] 📊 Response: {"bff_meta":null,"error":14,"error_msg":"Maaf, voucher ini belum dapat digunakan. Silakan coba lagi nanti.","data":{"voucher":null,"invalid_message_code":8,"user_voucher_invalid_status":null,"error_config":null}}
[2025-08-08 19:28:00.509] [INFO] [VOUCHER-3] ✅ Request voucher berhasil!
[2025-08-08 19:51:21.287] [INFO] [VOUCHER-3] ⏰ Target waktu voucher 3: 2025-08-08 20:00:00.000 WIB
[2025-08-08 19:51:21.287] [INFO] [VOUCHER-3] ⏰ Delay: 518.715 detik
[2025-08-08 20:00:00.014] [INFO] [VOUCHER-3] 🚀 Menjalankan request voucher 3 pada: 2025-08-08 20:00:00.014 WIB
[2025-08-08 20:00:00.298] [INFO] [VOUCHER-3] 📊 Status Code: 200
[2025-08-08 20:00:00.300] [INFO] [VOUCHER-3] 📊 Response: {"bff_meta":null,"error":0,"error_msg":"","data":{"voucher":{"promotionid":1216319836274688,"voucher_code":"LIVE-726734434461549056","signature":"fa34148a1939878e625f221fa621e1a108658d708b9de74d1b307b53327a904c","use_type":0,"platform_type":0,"voucher_market_type":1,"min_spend":2000000000,"used_price":null,"current_spend":null,"product_limit":true,"quota_type":1,"percentage_claimed":0,"percentage_used":10,"start_time":1754658000,"end_time":1754672340,"collect_time":1754658000,"claim_start_time":1754658000,"valid_days":0,"reward_type":0,"reward_percentage":100,"reward_value":0,"reward_cap":2000000000,"coin_earned":null,"title":null,"use_link":"https://live.shopee.co.id/middle-page?type=full_screen\u0026tab_id=2880754901108224#microsite","icon_hash":"52985fc25eace14180036cdb72dfe3ad","icon_text":"KOLEKSI PILIHAN","icon_url":null,"customised_labels":[{"content":"Live XTRA","color":null}],"customised_product_scope_tags":[""],"shop_id":0,"shop_name":null,"is_shop_preferred":false,"is_shop_official":false,"shop_count":null,"ui_display_type":null,"customised_mall_name":null,"small_icon_list":null,"dp_category_name":null,"invalid_message_code":null,"invalid_message":null,"display_labels":[],"wallet_redeemable":true,"customer_reference_id":"MP-68B778BE308202280000001011040550","fully_redeemed":null,"has_expired":null,"disabled":null,"voucher_external_market_type":null,"now_food_extra_info":null,"airpay_opv_extra_info":null,"partner_extra_info":null,"discount_value":0,"discount_percentage":100,"discount_cap":2000000000,"coin_percentage":null,"coin_cap":null,"usage_limit":null,"used_count":null,"left_count":null,"shopee_wallet_only":false,"new_user_only":null,"description":"Versi aplikasimu tidak mendukung untuk mengakses halaman ini. Mohon update ke versi terbaru untuk mengakses halaman ini.","shop_logo":null,"error_code":null,"is_claimed_before":true,"customised_product_scope_tag_image_hash":"id-11134004-7r98x-lrquqhvi0dl944","distributed_labels":[],"has_pre_excluded_products":null,"fully_claimed":false,"fully_used":false,"claim_end_time":1754672340,"sku_opv_extra_info":null,"reminder_pn_setting":0,"valid_duration":{"value_in_secs":0,"type":0},"display_template":null,"voucher_wallet_id":null,"voucher_landing_page":null,"shop_order_count":null,"created_by":null,"is_applicable":null,"reason_code":null,"fsv_error_message":null,"opv_extra_info":null,"exclusive_channel_type":1,"usage_limit_per_user":1,"remaining_usage_limit":1,"action":{"type":2,"data":{"redirect_url":"https://live.shopee.co.id/middle-page?type=full_screen\u0026tab_id=2880754901108224#microsite"}},"activation_popup":0,"distribution_time":1754658000,"coin_value":null,"reward_percentage_with_decimal":10000000,"sub_icon_text":null,"is_customised_icon":null,"fixed_flag":0,"customised_flag":"Pemakaian Terbatas","fsv_voucher_card_ui_info":null,"spm_channel":null,"activation_popup_info":null,"is_activation_popup_voucher":null,"external_error_code":null,"external_error_msg":null,"branding_color":"","stream_rule":null,"error_message":null,"is_recommended":null,"is_shop_shopee_choice":false,"is_shop_preferred_plus":false,"voucher_ui_tag":null,"vlp_redirection_link":null,"is_force_selectable":null,"special_payment_priority_index":null,"voucher_status":null,"non_claimable":null,"usage_terms":null,"payment_rule":null,"groups":null,"is_auto_claimed_just_now":null,"daily_usage_limit":0,"daily_usage_count":0,"original_usage_start_time":null,"applied_reward_percentage_with_decimal":10000000,"applied_reward_value":0,"spp_display_info":null,"customised_product_scope_tag_image_description":"","detail_multi_reward_info":null,"recommended_items":null},"invalid_message_code":0,"user_voucher_invalid_status":null,"error_config":null}}
[2025-08-08 20:00:00.303] [INFO] [VOUCHER-3] ✅ Request voucher berhasil!
[2025-08-11 11:15:40.513] [INFO] [VOUCHER-3] 🧪 Menjalankan test request voucher 3...
[2025-08-11 11:15:40.528] [INFO] [VOUCHER-3] 🚀 Menjalankan request voucher 3 pada: 2025-08-11 11:15:40.528 WIB
[2025-08-11 11:15:40.733] [INFO] [VOUCHER-3] 📊 Status Code: 200
[2025-08-11 11:15:40.734] [INFO] [VOUCHER-3] 📊 Response: {"bff_meta":null,"error":14,"error_msg":"Maaf, voucher ini belum dapat digunakan. Silakan coba lagi nanti.","data":{"voucher":null,"invalid_message_code":8,"user_voucher_invalid_status":null,"error_config":null}}
[2025-08-11 11:15:40.734] [INFO] [VOUCHER-3] ✅ Request voucher berhasil!
[2025-08-11 11:18:19.715] [INFO] [VOUCHER-3] ⏰ Target waktu voucher 3: 2025-08-11 11:19:00.000 WIB
[2025-08-11 11:18:19.715] [INFO] [VOUCHER-3] ⏰ Delay: 40.286 detik
[2025-08-11 11:19:00.008] [INFO] [VOUCHER-3] 🚀 Menjalankan request voucher 3 pada: 2025-08-11 11:19:00.007 WIB
[2025-08-11 11:19:15.396] [INFO] [VOUCHER-3] 📊 Status Code: 200
[2025-08-11 11:19:15.397] [INFO] [VOUCHER-3] 📊 Response: {"bff_meta":null,"error":14,"error_msg":"Maaf, voucher ini belum dapat digunakan. Silakan coba lagi nanti.","data":{"voucher":null,"invalid_message_code":8,"user_voucher_invalid_status":null,"error_config":null}}
[2025-08-11 11:19:15.398] [INFO] [VOUCHER-3] ✅ Request voucher berhasil!
[2025-08-11 11:37:48.288] [INFO] [VOUCHER-3] ⏰ Target waktu voucher 3: 2025-08-11 11:38:00.000 WIB
[2025-08-11 11:37:48.288] [INFO] [VOUCHER-3] ⏰ Delay: 11.713 detik
[2025-08-11 11:38:00.008] [INFO] [VOUCHER-3] 🚀 Menjalankan request voucher 3 pada: 2025-08-11 11:38:00.008 WIB
[2025-08-11 11:38:11.351] [INFO] [VOUCHER-3] 📊 Status Code: 200
[2025-08-11 11:38:11.351] [INFO] [VOUCHER-3] 📊 Response: {"bff_meta":null,"error":14,"error_msg":"Maaf, voucher ini belum dapat digunakan. Silakan coba lagi nanti.","data":{"voucher":null,"invalid_message_code":8,"user_voucher_invalid_status":null,"error_config":null}}
[2025-08-11 11:38:11.352] [INFO] [VOUCHER-3] ✅ Request voucher berhasil!
[2025-08-11 11:39:00.319] [INFO] [VOUCHER-3] ⏰ Target waktu voucher 3: 2025-08-11 11:40:00.000 WIB
[2025-08-11 11:39:00.319] [INFO] [VOUCHER-3] ⏰ Delay: 59.682 detik
[2025-08-11 11:40:00.006] [INFO] [VOUCHER-3] 🚀 Menjalankan request voucher 3 pada: 2025-08-11 11:40:00.006 WIB
[2025-08-11 11:40:11.217] [INFO] [VOUCHER-3] 📊 Status Code: 200
[2025-08-11 11:40:11.219] [INFO] [VOUCHER-3] 📊 Response: {"bff_meta":null,"error":14,"error_msg":"Maaf, voucher ini belum dapat digunakan. Silakan coba lagi nanti.","data":{"voucher":null,"invalid_message_code":8,"user_voucher_invalid_status":null,"error_config":null}}
[2025-08-11 11:40:11.220] [INFO] [VOUCHER-3] ✅ Request voucher berhasil!
[2025-08-11 11:44:37.299] [INFO] [VOUCHER-3] ⏰ Target waktu voucher 3: 2025-08-11 11:45:00.000 WIB
[2025-08-11 11:44:37.300] [INFO] [VOUCHER-3] ⏰ Delay: 22.702 detik
[2025-08-11 11:45:00.013] [INFO] [VOUCHER-3] 🚀 Menjalankan request voucher 3 pada: 2025-08-11 11:45:00.013 WIB
[2025-08-11 11:45:12.227] [INFO] [VOUCHER-3] 📊 Status Code: 200
[2025-08-11 11:45:12.229] [INFO] [VOUCHER-3] 📊 Response: {"bff_meta":null,"error":14,"error_msg":"Maaf, voucher ini belum dapat digunakan. Silakan coba lagi nanti.","data":{"voucher":null,"invalid_message_code":8,"user_voucher_invalid_status":null,"error_config":null}}
[2025-08-11 11:45:12.230] [INFO] [VOUCHER-3] ✅ Request voucher berhasil!
[2025-08-11 17:33:23.314] [INFO] [VOUCHER-3] ⏰ Target waktu voucher 3: 2025-08-11 17:36:00.000 WIB
[2025-08-11 17:33:23.315] [INFO] [VOUCHER-3] ⏰ Delay: 156.687 detik
[2025-08-11 17:36:00.013] [INFO] [VOUCHER-3] 🚀 Menjalankan request voucher 3 pada: 2025-08-11 17:36:00.013 WIB
[2025-08-11 17:36:00.400] [INFO] [VOUCHER-3] 📊 Status Code: 200
[2025-08-11 17:36:00.402] [INFO] [VOUCHER-3] 📊 Response: {"bff_meta":null,"error":14,"error_msg":"Maaf, voucher ini telah habis digunakan.","data":{"voucher":null,"invalid_message_code":4,"user_voucher_invalid_status":null,"error_config":null}}
[2025-08-11 17:36:00.404] [INFO] [VOUCHER-3] ✅ Request voucher berhasil!
[2025-08-11 17:42:07.311] [INFO] [VOUCHER-3] ⏰ Target waktu voucher 3: 2025-08-11 17:43:00.000 WIB
[2025-08-11 17:42:07.364] [INFO] [VOUCHER-3] ⏰ Delay: 52.690 detik
[2025-08-11 17:43:00.008] [INFO] [VOUCHER-3] 🚀 Menjalankan request voucher 3 pada: 2025-08-11 17:43:00.008 WIB
[2025-08-11 17:43:01.190] [INFO] [VOUCHER-3] 📊 Status Code: 200
[2025-08-11 17:43:01.191] [INFO] [VOUCHER-3] 📊 Response: {"bff_meta":null,"error":14,"error_msg":"Maaf, voucher ini telah habis digunakan.","data":{"voucher":null,"invalid_message_code":4,"user_voucher_invalid_status":null,"error_config":null}}
[2025-08-11 17:43:01.192] [INFO] [VOUCHER-3] ✅ Request voucher berhasil!
