[2025-11-07 21:02:24.205] [ERROR] ❌ Stopped by user
[2025-11-07 21:02:26.065] [ERROR] ❌ Yaah, promonya lagi nggak tersedia. Muat ulang halamannya, yuk.
[2025-11-07 21:02:26.066] [ERROR] ❌ Yaah, promonya lagi nggak tersedia. Muat ulang halamannya, yuk.|453002
[2025-11-08 05:50:52.564] [ERROR] ❌ Yaah, promonya lagi nggak tersedia. Muat ulang halamannya, yuk.
[2025-11-08 05:50:52.565] [ERROR] ❌ Yaah, promonya lagi nggak tersedia. Muat ulang halamannya, yuk.|453002
[2025-11-08 05:50:53.862] [ERROR] ❌ Yaah, promonya lagi nggak tersedia. Muat ulang halamannya, yuk.
[2025-11-08 05:50:53.863] [ERROR] ❌ Yaah, promonya lagi nggak tersedia. Muat ulang halamannya, yuk.|453002
[2025-11-08 05:53:19.073] [ERROR] ❌ Yaah, promonya lagi nggak tersedia. Muat ulang halamannya, yuk.
[2025-11-08 05:53:19.636] [ERROR] ❌ Yaah, promonya lagi nggak tersedia. Muat ulang halamannya, yuk.|453002
[2025-11-08 05:53:35.463] [ERROR] ❌ Yaah, promonya lagi nggak tersedia. Muat ulang halamannya, yuk.
[2025-11-08 05:53:35.464] [ERROR] ❌ Yaah, promonya lagi nggak tersedia. Muat ulang halamannya, yuk.|453002
[2025-11-08 06:00:43.988] [ERROR] ❌ Yaah, promonya lagi nggak tersedia. Muat ulang halamannya, yuk.
[2025-11-08 06:00:43.989] [ERROR] ❌ Yaah, promonya lagi nggak tersedia. Muat ulang halamannya, yuk.|453002
[2025-11-08 06:00:47.086] [ERROR] ❌ Yaah, promonya lagi nggak tersedia. Muat ulang halamannya, yuk.
[2025-11-08 06:00:47.087] [ERROR] ❌ Yaah, promonya lagi nggak tersedia. Muat ulang halamannya, yuk.|453002
[2025-11-08 06:26:50.282] [ERROR] ❌ Yaah, promonya lagi nggak tersedia. Muat ulang halamannya, yuk.
[2025-11-08 06:26:50.283] [ERROR] ❌ Yaah, promonya lagi nggak tersedia. Muat ulang halamannya, yuk.|453002
[2025-11-08 06:29:56.344] [ERROR] ❌ Yaah, promonya lagi nggak tersedia. Muat ulang halamannya, yuk.
[2025-11-08 06:29:56.345] [ERROR] ❌ Yaah, promonya lagi nggak tersedia. Muat ulang halamannya, yuk.|453002
[2025-11-08 06:33:04.894] [INFO] ✅ Yay! Voucher-nya berhasil kamu klaim.
[2025-11-08 06:33:15.821] [ERROR] ❌ Yaah, promonya lagi nggak tersedia. Muat ulang halamannya, yuk.
[2025-11-08 06:33:15.822] [ERROR] ❌ Yaah, promonya lagi nggak tersedia. Muat ulang halamannya, yuk.|453002
[2025-11-08 09:00:17.317] [ERROR] ❌ Timeout
[2025-11-08 09:00:17.319] [ERROR] ❌ Test error: Request timeout
[2025-11-08 09:00:52.936] [ERROR] ❌ Yaah, promonya lagi nggak tersedia. Muat ulang halamannya, yuk.
[2025-11-08 09:00:52.937] [ERROR] ❌ Yaah, promonya lagi nggak tersedia. Muat ulang halamannya, yuk.|453002
[2025-11-08 09:05:07.201] [ERROR] ❌ Yaah, promonya lagi nggak tersedia. Muat ulang halamannya, yuk.
[2025-11-08 09:05:07.202] [ERROR] ❌ Yaah, promonya lagi nggak tersedia. Muat ulang halamannya, yuk.|453002
[2025-11-08 09:05:15.709] [ERROR] ❌ Yaah, promonya lagi nggak tersedia. Muat ulang halamannya, yuk.
[2025-11-08 09:05:15.710] [ERROR] ❌ Yaah, promonya lagi nggak tersedia. Muat ulang halamannya, yuk.|453002
[2025-11-08 09:05:17.545] [ERROR] ❌ Yaah, promonya lagi nggak tersedia. Muat ulang halamannya, yuk.
[2025-11-08 09:05:17.546] [ERROR] ❌ Yaah, promonya lagi nggak tersedia. Muat ulang halamannya, yuk.|453002
